\\VMWARE-HOST\SHARED FOLDERS\GAMEDEV\WORKSPACE\SIMMONS\NATIVELIB\SIMMONS.DLL
\\vmware-host\Shared Folders\gamedev\workspace\simmons\nativelib\simmons.exp
\\vmware-host\Shared Folders\gamedev\workspace\simmons\nativelib\simmons.lib
\\VMWARE-HOST\SHARED FOLDERS\GAMEDEV\WORKSPACE\SIMMONS\NATIVELIB\SIMMONS.PDB
\\vmware-host\Shared Folders\gamedev\workspace\simmons\vcpp\\..\nativelib\simmons.dll
\\vmware-host\Shared Folders\gamedev\workspace\simmons\vcpp\\..\nativelib\simmons.pdb
\\vmware-host\Shared Folders\gamedev\workspace\simmons\vcpp\Release\cl.command.1.tlog
\\vmware-host\Shared Folders\gamedev\workspace\simmons\vcpp\Release\CL.read.1.tlog
\\vmware-host\Shared Folders\gamedev\workspace\simmons\vcpp\Release\CL.write.1.tlog
\\VMWARE-HOST\SHARED FOLDERS\GAMEDEV\WORKSPACE\SIMMONS\VCPP\RELEASE\COM_HTSSOFT_SIMMONS_SPAWN.OBJ
\\vmware-host\Shared Folders\gamedev\workspace\simmons\vcpp\Release\link.command.1.tlog
\\vmware-host\Shared Folders\gamedev\workspace\simmons\vcpp\Release\link.read.1.tlog
\\vmware-host\Shared Folders\gamedev\workspace\simmons\vcpp\Release\link.write.1.tlog
\\vmware-host\Shared Folders\gamedev\workspace\simmons\vcpp\Release\link-cvtres.read.1.tlog
\\vmware-host\Shared Folders\gamedev\workspace\simmons\vcpp\Release\link-cvtres.write.1.tlog
\\vmware-host\Shared Folders\gamedev\workspace\simmons\vcpp\Release\mt.command.1.tlog
\\vmware-host\Shared Folders\gamedev\workspace\simmons\vcpp\Release\mt.read.1.tlog
\\vmware-host\Shared Folders\gamedev\workspace\simmons\vcpp\Release\mt.write.1.tlog
\\vmware-host\Shared Folders\gamedev\workspace\simmons\vcpp\Release\rc.command.1.tlog
\\vmware-host\Shared Folders\gamedev\workspace\simmons\vcpp\Release\rc.read.1.tlog
\\vmware-host\Shared Folders\gamedev\workspace\simmons\vcpp\Release\rc.write.1.tlog
\\VMWARE-HOST\SHARED FOLDERS\GAMEDEV\WORKSPACE\SIMMONS\VCPP\RELEASE\SIMMONS.DLL.EMBED.MANIFEST
\\VMWARE-HOST\SHARED FOLDERS\GAMEDEV\WORKSPACE\SIMMONS\VCPP\RELEASE\SIMMONS.DLL.EMBED.MANIFEST.RES
\\VMWARE-HOST\SHARED FOLDERS\GAMEDEV\WORKSPACE\SIMMONS\VCPP\RELEASE\SIMMONS.DLL.INTERMEDIATE.MANIFEST
\\vmware-host\Shared Folders\gamedev\workspace\simmons\vcpp\Release\simmons_jni.write.1.tlog
\\vmware-host\Shared Folders\gamedev\workspace\simmons\vcpp\Release\simmons_manifest.rc
\\VMWARE-HOST\SHARED FOLDERS\GAMEDEV\WORKSPACE\SIMMONS\VCPP\RELEASE\VC100.PDB
